
Warning-[DEBUG_DEP] Option will be deprecated
  The option '-fsdb' will be deprecated in a future release.  Please use 
  '-debug_acc+dmptf -debug_region+cell+encrypt' instead.

                         Chronologic VCS (TM)
       Version O-2018.09-SP2_Full64 -- Wed May 11 01:42:33 2022
               Copyright (c) 1991-2018 by Synopsys Inc.
                         ALL RIGHTS RESERVED

This program is proprietary and confidential information of Synopsys Inc.
and may be used and disclosed only as authorized in a license agreement
controlling such use and disclosure.

Parsing design file '/home/rlk/UVM_Practice/UVM_source_code/uvm-1.2/src/uvm.sv'
Parsing included file '/home/rlk/UVM_Practice/UVM_source_code/uvm-1.2/src/uvm_pkg.sv'.
Parsing included file '/home/rlk/UVM_Practice/UVM_source_code/uvm-1.2/src/uvm_macros.svh'.
Parsing included file '/home/rlk/UVM_Practice/UVM_source_code/uvm-1.2/src/macros/uvm_version_defines.svh'.
Back to file '/home/rlk/UVM_Practice/UVM_source_code/uvm-1.2/src/uvm_macros.svh'.
Parsing included file '/home/rlk/UVM_Practice/UVM_source_code/uvm-1.2/src/macros/uvm_global_defines.svh'.
Back to file '/home/rlk/UVM_Practice/UVM_source_code/uvm-1.2/src/uvm_macros.svh'.
Parsing included file '/home/rlk/UVM_Practice/UVM_source_code/uvm-1.2/src/macros/uvm_message_defines.svh'.
Back to file '/home/rlk/UVM_Practice/UVM_source_code/uvm-1.2/src/uvm_macros.svh'.
Parsing included file '/home/rlk/UVM_Practice/UVM_source_code/uvm-1.2/src/macros/uvm_phase_defines.svh'.
Back to file '/home/rlk/UVM_Practice/UVM_source_code/uvm-1.2/src/uvm_macros.svh'.
Parsing included file '/home/rlk/UVM_Practice/UVM_source_code/uvm-1.2/src/macros/uvm_object_defines.svh'.
Back to file '/home/rlk/UVM_Practice/UVM_source_code/uvm-1.2/src/uvm_macros.svh'.
Parsing included file '/home/rlk/UVM_Practice/UVM_source_code/uvm-1.2/src/macros/uvm_printer_defines.svh'.
Back to file '/home/rlk/UVM_Practice/UVM_source_code/uvm-1.2/src/uvm_macros.svh'.
Parsing included file '/home/rlk/UVM_Practice/UVM_source_code/uvm-1.2/src/macros/uvm_tlm_defines.svh'.
Parsing included file '/home/rlk/UVM_Practice/UVM_source_code/uvm-1.2/src/tlm1/uvm_tlm_imps.svh'.
Back to file '/home/rlk/UVM_Practice/UVM_source_code/uvm-1.2/src/macros/uvm_tlm_defines.svh'.
Back to file '/home/rlk/UVM_Practice/UVM_source_code/uvm-1.2/src/uvm_macros.svh'.
Parsing included file '/home/rlk/UVM_Practice/UVM_source_code/uvm-1.2/src/macros/uvm_sequence_defines.svh'.
Back to file '/home/rlk/UVM_Practice/UVM_source_code/uvm-1.2/src/uvm_macros.svh'.
Parsing included file '/home/rlk/UVM_Practice/UVM_source_code/uvm-1.2/src/macros/uvm_callback_defines.svh'.
Back to file '/home/rlk/UVM_Practice/UVM_source_code/uvm-1.2/src/uvm_macros.svh'.
Parsing included file '/home/rlk/UVM_Practice/UVM_source_code/uvm-1.2/src/macros/uvm_reg_defines.svh'.
Back to file '/home/rlk/UVM_Practice/UVM_source_code/uvm-1.2/src/uvm_macros.svh'.
Parsing included file '/home/rlk/UVM_Practice/UVM_source_code/uvm-1.2/src/macros/uvm_deprecated_defines.svh'.
Back to file '/home/rlk/UVM_Practice/UVM_source_code/uvm-1.2/src/uvm_macros.svh'.
Back to file '/home/rlk/UVM_Practice/UVM_source_code/uvm-1.2/src/uvm_pkg.sv'.
Parsing included file '/home/rlk/UVM_Practice/UVM_source_code/uvm-1.2/src/dpi/uvm_dpi.svh'.
Parsing included file '/home/rlk/UVM_Practice/UVM_source_code/uvm-1.2/src/dpi/uvm_hdl.svh'.
Back to file '/home/rlk/UVM_Practice/UVM_source_code/uvm-1.2/src/dpi/uvm_dpi.svh'.
Parsing included file '/home/rlk/UVM_Practice/UVM_source_code/uvm-1.2/src/dpi/uvm_svcmd_dpi.svh'.
Back to file '/home/rlk/UVM_Practice/UVM_source_code/uvm-1.2/src/dpi/uvm_dpi.svh'.
Parsing included file '/home/rlk/UVM_Practice/UVM_source_code/uvm-1.2/src/dpi/uvm_regex.svh'.
Back to file '/home/rlk/UVM_Practice/UVM_source_code/uvm-1.2/src/dpi/uvm_dpi.svh'.
Back to file '/home/rlk/UVM_Practice/UVM_source_code/uvm-1.2/src/uvm_pkg.sv'.
Parsing included file '/home/rlk/UVM_Practice/UVM_source_code/uvm-1.2/src/base/uvm_base.svh'.
Parsing included file '/home/rlk/UVM_Practice/UVM_source_code/uvm-1.2/src/base/uvm_coreservice.svh'.
Back to file '/home/rlk/UVM_Practice/UVM_source_code/uvm-1.2/src/base/uvm_base.svh'.
Parsing included file '/home/rlk/UVM_Practice/UVM_source_code/uvm-1.2/src/base/uvm_version.svh'.
Back to file '/home/rlk/UVM_Practice/UVM_source_code/uvm-1.2/src/base/uvm_base.svh'.
Parsing included file '/home/rlk/UVM_Practice/UVM_source_code/uvm-1.2/src/base/uvm_object_globals.svh'.
Back to file '/home/rlk/UVM_Practice/UVM_source_code/uvm-1.2/src/base/uvm_base.svh'.
Parsing included file '/home/rlk/UVM_Practice/UVM_source_code/uvm-1.2/src/base/uvm_misc.svh'.
Back to file '/home/rlk/UVM_Practice/UVM_source_code/uvm-1.2/src/base/uvm_base.svh'.
Parsing included file '/home/rlk/UVM_Practice/UVM_source_code/uvm-1.2/src/base/uvm_object.svh'.
Back to file '/home/rlk/UVM_Practice/UVM_source_code/uvm-1.2/src/base/uvm_base.svh'.
Parsing included file '/home/rlk/UVM_Practice/UVM_source_code/uvm-1.2/src/base/uvm_pool.svh'.
Back to file '/home/rlk/UVM_Practice/UVM_source_code/uvm-1.2/src/base/uvm_base.svh'.
Parsing included file '/home/rlk/UVM_Practice/UVM_source_code/uvm-1.2/src/base/uvm_queue.svh'.
Back to file '/home/rlk/UVM_Practice/UVM_source_code/uvm-1.2/src/base/uvm_base.svh'.
Parsing included file '/home/rlk/UVM_Practice/UVM_source_code/uvm-1.2/src/base/uvm_factory.svh'.
Back to file '/home/rlk/UVM_Practice/UVM_source_code/uvm-1.2/src/base/uvm_base.svh'.
Parsing included file '/home/rlk/UVM_Practice/UVM_source_code/uvm-1.2/src/base/uvm_registry.svh'.
Back to file '/home/rlk/UVM_Practice/UVM_source_code/uvm-1.2/src/base/uvm_base.svh'.
Parsing included file '/home/rlk/UVM_Practice/UVM_source_code/uvm-1.2/src/base/uvm_spell_chkr.svh'.
Back to file '/home/rlk/UVM_Practice/UVM_source_code/uvm-1.2/src/base/uvm_base.svh'.
Parsing included file '/home/rlk/UVM_Practice/UVM_source_code/uvm-1.2/src/base/uvm_resource.svh'.
Back to file '/home/rlk/UVM_Practice/UVM_source_code/uvm-1.2/src/base/uvm_base.svh'.
Parsing included file '/home/rlk/UVM_Practice/UVM_source_code/uvm-1.2/src/base/uvm_resource_specializations.svh'.
Back to file '/home/rlk/UVM_Practice/UVM_source_code/uvm-1.2/src/base/uvm_base.svh'.
Parsing included file '/home/rlk/UVM_Practice/UVM_source_code/uvm-1.2/src/base/uvm_resource_db.svh'.
Back to file '/home/rlk/UVM_Practice/UVM_source_code/uvm-1.2/src/base/uvm_base.svh'.
Parsing included file '/home/rlk/UVM_Practice/UVM_source_code/uvm-1.2/src/base/uvm_config_db.svh'.
Back to file '/home/rlk/UVM_Practice/UVM_source_code/uvm-1.2/src/base/uvm_base.svh'.
Parsing included file '/home/rlk/UVM_Practice/UVM_source_code/uvm-1.2/src/base/uvm_printer.svh'.
Back to file '/home/rlk/UVM_Practice/UVM_source_code/uvm-1.2/src/base/uvm_base.svh'.
Parsing included file '/home/rlk/UVM_Practice/UVM_source_code/uvm-1.2/src/base/uvm_comparer.svh'.
Back to file '/home/rlk/UVM_Practice/UVM_source_code/uvm-1.2/src/base/uvm_base.svh'.
Parsing included file '/home/rlk/UVM_Practice/UVM_source_code/uvm-1.2/src/base/uvm_packer.svh'.
Back to file '/home/rlk/UVM_Practice/UVM_source_code/uvm-1.2/src/base/uvm_base.svh'.
Parsing included file '/home/rlk/UVM_Practice/UVM_source_code/uvm-1.2/src/base/uvm_links.svh'.
Back to file '/home/rlk/UVM_Practice/UVM_source_code/uvm-1.2/src/base/uvm_base.svh'.
Parsing included file '/home/rlk/UVM_Practice/UVM_source_code/uvm-1.2/src/base/uvm_tr_database.svh'.
Back to file '/home/rlk/UVM_Practice/UVM_source_code/uvm-1.2/src/base/uvm_base.svh'.
Parsing included file '/home/rlk/UVM_Practice/UVM_source_code/uvm-1.2/src/base/uvm_tr_stream.svh'.
Back to file '/home/rlk/UVM_Practice/UVM_source_code/uvm-1.2/src/base/uvm_base.svh'.
Parsing included file '/home/rlk/UVM_Practice/UVM_source_code/uvm-1.2/src/base/uvm_recorder.svh'.
Back to file '/home/rlk/UVM_Practice/UVM_source_code/uvm-1.2/src/base/uvm_base.svh'.
Parsing included file '/home/rlk/UVM_Practice/UVM_source_code/uvm-1.2/src/base/uvm_event_callback.svh'.
Back to file '/home/rlk/UVM_Practice/UVM_source_code/uvm-1.2/src/base/uvm_base.svh'.
Parsing included file '/home/rlk/UVM_Practice/UVM_source_code/uvm-1.2/src/base/uvm_event.svh'.
Back to file '/home/rlk/UVM_Practice/UVM_source_code/uvm-1.2/src/base/uvm_base.svh'.
Parsing included file '/home/rlk/UVM_Practice/UVM_source_code/uvm-1.2/src/base/uvm_barrier.svh'.
Back to file '/home/rlk/UVM_Practice/UVM_source_code/uvm-1.2/src/base/uvm_base.svh'.
Parsing included file '/home/rlk/UVM_Practice/UVM_source_code/uvm-1.2/src/base/uvm_callback.svh'.
Parsing included file '/home/rlk/UVM_Practice/UVM_source_code/uvm-1.2/src/uvm_macros.svh'.
Back to file '/home/rlk/UVM_Practice/UVM_source_code/uvm-1.2/src/base/uvm_callback.svh'.
Back to file '/home/rlk/UVM_Practice/UVM_source_code/uvm-1.2/src/base/uvm_base.svh'.
Parsing included file '/home/rlk/UVM_Practice/UVM_source_code/uvm-1.2/src/base/uvm_report_message.svh'.
Back to file '/home/rlk/UVM_Practice/UVM_source_code/uvm-1.2/src/base/uvm_base.svh'.
Parsing included file '/home/rlk/UVM_Practice/UVM_source_code/uvm-1.2/src/base/uvm_report_catcher.svh'.
Back to file '/home/rlk/UVM_Practice/UVM_source_code/uvm-1.2/src/base/uvm_base.svh'.
Parsing included file '/home/rlk/UVM_Practice/UVM_source_code/uvm-1.2/src/base/uvm_report_server.svh'.
Back to file '/home/rlk/UVM_Practice/UVM_source_code/uvm-1.2/src/base/uvm_base.svh'.
Parsing included file '/home/rlk/UVM_Practice/UVM_source_code/uvm-1.2/src/base/uvm_report_handler.svh'.
Back to file '/home/rlk/UVM_Practice/UVM_source_code/uvm-1.2/src/base/uvm_base.svh'.
Parsing included file '/home/rlk/UVM_Practice/UVM_source_code/uvm-1.2/src/base/uvm_report_object.svh'.
Back to file '/home/rlk/UVM_Practice/UVM_source_code/uvm-1.2/src/base/uvm_base.svh'.
Parsing included file '/home/rlk/UVM_Practice/UVM_source_code/uvm-1.2/src/base/uvm_transaction.svh'.
Back to file '/home/rlk/UVM_Practice/UVM_source_code/uvm-1.2/src/base/uvm_base.svh'.
Parsing included file '/home/rlk/UVM_Practice/UVM_source_code/uvm-1.2/src/base/uvm_phase.svh'.
Back to file '/home/rlk/UVM_Practice/UVM_source_code/uvm-1.2/src/base/uvm_base.svh'.
Parsing included file '/home/rlk/UVM_Practice/UVM_source_code/uvm-1.2/src/base/uvm_domain.svh'.
Back to file '/home/rlk/UVM_Practice/UVM_source_code/uvm-1.2/src/base/uvm_base.svh'.
Parsing included file '/home/rlk/UVM_Practice/UVM_source_code/uvm-1.2/src/base/uvm_bottomup_phase.svh'.
Back to file '/home/rlk/UVM_Practice/UVM_source_code/uvm-1.2/src/base/uvm_base.svh'.
Parsing included file '/home/rlk/UVM_Practice/UVM_source_code/uvm-1.2/src/base/uvm_topdown_phase.svh'.
Back to file '/home/rlk/UVM_Practice/UVM_source_code/uvm-1.2/src/base/uvm_base.svh'.
Parsing included file '/home/rlk/UVM_Practice/UVM_source_code/uvm-1.2/src/base/uvm_task_phase.svh'.
Back to file '/home/rlk/UVM_Practice/UVM_source_code/uvm-1.2/src/base/uvm_base.svh'.
Parsing included file '/home/rlk/UVM_Practice/UVM_source_code/uvm-1.2/src/base/uvm_common_phases.svh'.
Back to file '/home/rlk/UVM_Practice/UVM_source_code/uvm-1.2/src/base/uvm_base.svh'.
Parsing included file '/home/rlk/UVM_Practice/UVM_source_code/uvm-1.2/src/base/uvm_runtime_phases.svh'.
Back to file '/home/rlk/UVM_Practice/UVM_source_code/uvm-1.2/src/base/uvm_base.svh'.
Parsing included file '/home/rlk/UVM_Practice/UVM_source_code/uvm-1.2/src/base/uvm_component.svh'.
Parsing included file '/home/rlk/UVM_Practice/UVM_source_code/uvm-1.2/src/base/uvm_root.svh'.
Back to file '/home/rlk/UVM_Practice/UVM_source_code/uvm-1.2/src/base/uvm_component.svh'.
Back to file '/home/rlk/UVM_Practice/UVM_source_code/uvm-1.2/src/base/uvm_base.svh'.
Parsing included file '/home/rlk/UVM_Practice/UVM_source_code/uvm-1.2/src/base/uvm_objection.svh'.
Back to file '/home/rlk/UVM_Practice/UVM_source_code/uvm-1.2/src/base/uvm_base.svh'.
Parsing included file '/home/rlk/UVM_Practice/UVM_source_code/uvm-1.2/src/base/uvm_heartbeat.svh'.
Back to file '/home/rlk/UVM_Practice/UVM_source_code/uvm-1.2/src/base/uvm_base.svh'.
Parsing included file '/home/rlk/UVM_Practice/UVM_source_code/uvm-1.2/src/base/uvm_globals.svh'.
Back to file '/home/rlk/UVM_Practice/UVM_source_code/uvm-1.2/src/base/uvm_base.svh'.
Parsing included file '/home/rlk/UVM_Practice/UVM_source_code/uvm-1.2/src/base/uvm_cmdline_processor.svh'.
Back to file '/home/rlk/UVM_Practice/UVM_source_code/uvm-1.2/src/base/uvm_base.svh'.
Parsing included file '/home/rlk/UVM_Practice/UVM_source_code/uvm-1.2/src/base/uvm_traversal.svh'.
Back to file '/home/rlk/UVM_Practice/UVM_source_code/uvm-1.2/src/base/uvm_base.svh'.
Back to file '/home/rlk/UVM_Practice/UVM_source_code/uvm-1.2/src/uvm_pkg.sv'.
Parsing included file '/home/rlk/UVM_Practice/UVM_source_code/uvm-1.2/src/dap/uvm_dap.svh'.
Parsing included file '/home/rlk/UVM_Practice/UVM_source_code/uvm-1.2/src/dap/uvm_set_get_dap_base.svh'.
Back to file '/home/rlk/UVM_Practice/UVM_source_code/uvm-1.2/src/dap/uvm_dap.svh'.
Parsing included file '/home/rlk/UVM_Practice/UVM_source_code/uvm-1.2/src/dap/uvm_simple_lock_dap.svh'.
Back to file '/home/rlk/UVM_Practice/UVM_source_code/uvm-1.2/src/dap/uvm_dap.svh'.
Parsing included file '/home/rlk/UVM_Practice/UVM_source_code/uvm-1.2/src/dap/uvm_get_to_lock_dap.svh'.
Back to file '/home/rlk/UVM_Practice/UVM_source_code/uvm-1.2/src/dap/uvm_dap.svh'.
Parsing included file '/home/rlk/UVM_Practice/UVM_source_code/uvm-1.2/src/dap/uvm_set_before_get_dap.svh'.
Back to file '/home/rlk/UVM_Practice/UVM_source_code/uvm-1.2/src/dap/uvm_dap.svh'.
Back to file '/home/rlk/UVM_Practice/UVM_source_code/uvm-1.2/src/uvm_pkg.sv'.
Parsing included file '/home/rlk/UVM_Practice/UVM_source_code/uvm-1.2/src/tlm1/uvm_tlm.svh'.
Parsing included file '/home/rlk/UVM_Practice/UVM_source_code/uvm-1.2/src/tlm1/uvm_tlm_ifs.svh'.
Back to file '/home/rlk/UVM_Practice/UVM_source_code/uvm-1.2/src/tlm1/uvm_tlm.svh'.
Parsing included file '/home/rlk/UVM_Practice/UVM_source_code/uvm-1.2/src/tlm1/uvm_sqr_ifs.svh'.
Back to file '/home/rlk/UVM_Practice/UVM_source_code/uvm-1.2/src/tlm1/uvm_tlm.svh'.
Parsing included file '/home/rlk/UVM_Practice/UVM_source_code/uvm-1.2/src/base/uvm_port_base.svh'.
Back to file '/home/rlk/UVM_Practice/UVM_source_code/uvm-1.2/src/tlm1/uvm_tlm.svh'.
Parsing included file '/home/rlk/UVM_Practice/UVM_source_code/uvm-1.2/src/tlm1/uvm_tlm_imps.svh'.
Back to file '/home/rlk/UVM_Practice/UVM_source_code/uvm-1.2/src/tlm1/uvm_tlm.svh'.
Parsing included file '/home/rlk/UVM_Practice/UVM_source_code/uvm-1.2/src/tlm1/uvm_imps.svh'.
Back to file '/home/rlk/UVM_Practice/UVM_source_code/uvm-1.2/src/tlm1/uvm_tlm.svh'.
Parsing included file '/home/rlk/UVM_Practice/UVM_source_code/uvm-1.2/src/tlm1/uvm_ports.svh'.
Back to file '/home/rlk/UVM_Practice/UVM_source_code/uvm-1.2/src/tlm1/uvm_tlm.svh'.
Parsing included file '/home/rlk/UVM_Practice/UVM_source_code/uvm-1.2/src/tlm1/uvm_exports.svh'.
Back to file '/home/rlk/UVM_Practice/UVM_source_code/uvm-1.2/src/tlm1/uvm_tlm.svh'.
Parsing included file '/home/rlk/UVM_Practice/UVM_source_code/uvm-1.2/src/tlm1/uvm_analysis_port.svh'.
Back to file '/home/rlk/UVM_Practice/UVM_source_code/uvm-1.2/src/tlm1/uvm_tlm.svh'.
Parsing included file '/home/rlk/UVM_Practice/UVM_source_code/uvm-1.2/src/tlm1/uvm_tlm_fifo_base.svh'.
Back to file '/home/rlk/UVM_Practice/UVM_source_code/uvm-1.2/src/tlm1/uvm_tlm.svh'.
Parsing included file '/home/rlk/UVM_Practice/UVM_source_code/uvm-1.2/src/tlm1/uvm_tlm_fifos.svh'.
Back to file '/home/rlk/UVM_Practice/UVM_source_code/uvm-1.2/src/tlm1/uvm_tlm.svh'.
Parsing included file '/home/rlk/UVM_Practice/UVM_source_code/uvm-1.2/src/tlm1/uvm_tlm_req_rsp.svh'.
Back to file '/home/rlk/UVM_Practice/UVM_source_code/uvm-1.2/src/tlm1/uvm_tlm.svh'.
Parsing included file '/home/rlk/UVM_Practice/UVM_source_code/uvm-1.2/src/tlm1/uvm_sqr_connections.svh'.
Back to file '/home/rlk/UVM_Practice/UVM_source_code/uvm-1.2/src/tlm1/uvm_tlm.svh'.
Back to file '/home/rlk/UVM_Practice/UVM_source_code/uvm-1.2/src/uvm_pkg.sv'.
Parsing included file '/home/rlk/UVM_Practice/UVM_source_code/uvm-1.2/src/comps/uvm_comps.svh'.
Parsing included file '/home/rlk/UVM_Practice/UVM_source_code/uvm-1.2/src/comps/uvm_pair.svh'.
Back to file '/home/rlk/UVM_Practice/UVM_source_code/uvm-1.2/src/comps/uvm_comps.svh'.
Parsing included file '/home/rlk/UVM_Practice/UVM_source_code/uvm-1.2/src/comps/uvm_policies.svh'.
Back to file '/home/rlk/UVM_Practice/UVM_source_code/uvm-1.2/src/comps/uvm_comps.svh'.
Parsing included file '/home/rlk/UVM_Practice/UVM_source_code/uvm-1.2/src/comps/uvm_in_order_comparator.svh'.
Back to file '/home/rlk/UVM_Practice/UVM_source_code/uvm-1.2/src/comps/uvm_comps.svh'.
Parsing included file '/home/rlk/UVM_Practice/UVM_source_code/uvm-1.2/src/comps/uvm_algorithmic_comparator.svh'.
Back to file '/home/rlk/UVM_Practice/UVM_source_code/uvm-1.2/src/comps/uvm_comps.svh'.
Parsing included file '/home/rlk/UVM_Practice/UVM_source_code/uvm-1.2/src/comps/uvm_random_stimulus.svh'.
Back to file '/home/rlk/UVM_Practice/UVM_source_code/uvm-1.2/src/comps/uvm_comps.svh'.
Parsing included file '/home/rlk/UVM_Practice/UVM_source_code/uvm-1.2/src/comps/uvm_subscriber.svh'.
Back to file '/home/rlk/UVM_Practice/UVM_source_code/uvm-1.2/src/comps/uvm_comps.svh'.
Parsing included file '/home/rlk/UVM_Practice/UVM_source_code/uvm-1.2/src/comps/uvm_monitor.svh'.
Back to file '/home/rlk/UVM_Practice/UVM_source_code/uvm-1.2/src/comps/uvm_comps.svh'.
Parsing included file '/home/rlk/UVM_Practice/UVM_source_code/uvm-1.2/src/comps/uvm_driver.svh'.
Back to file '/home/rlk/UVM_Practice/UVM_source_code/uvm-1.2/src/comps/uvm_comps.svh'.
Parsing included file '/home/rlk/UVM_Practice/UVM_source_code/uvm-1.2/src/comps/uvm_push_driver.svh'.
Back to file '/home/rlk/UVM_Practice/UVM_source_code/uvm-1.2/src/comps/uvm_comps.svh'.
Parsing included file '/home/rlk/UVM_Practice/UVM_source_code/uvm-1.2/src/comps/uvm_scoreboard.svh'.
Back to file '/home/rlk/UVM_Practice/UVM_source_code/uvm-1.2/src/comps/uvm_comps.svh'.
Parsing included file '/home/rlk/UVM_Practice/UVM_source_code/uvm-1.2/src/comps/uvm_agent.svh'.
Back to file '/home/rlk/UVM_Practice/UVM_source_code/uvm-1.2/src/comps/uvm_comps.svh'.
Parsing included file '/home/rlk/UVM_Practice/UVM_source_code/uvm-1.2/src/comps/uvm_env.svh'.
Back to file '/home/rlk/UVM_Practice/UVM_source_code/uvm-1.2/src/comps/uvm_comps.svh'.
Parsing included file '/home/rlk/UVM_Practice/UVM_source_code/uvm-1.2/src/comps/uvm_test.svh'.
Back to file '/home/rlk/UVM_Practice/UVM_source_code/uvm-1.2/src/comps/uvm_comps.svh'.
Back to file '/home/rlk/UVM_Practice/UVM_source_code/uvm-1.2/src/uvm_pkg.sv'.
Parsing included file '/home/rlk/UVM_Practice/UVM_source_code/uvm-1.2/src/seq/uvm_seq.svh'.
Parsing included file '/home/rlk/UVM_Practice/UVM_source_code/uvm-1.2/src/seq/uvm_sequence_item.svh'.
Back to file '/home/rlk/UVM_Practice/UVM_source_code/uvm-1.2/src/seq/uvm_seq.svh'.
Parsing included file '/home/rlk/UVM_Practice/UVM_source_code/uvm-1.2/src/seq/uvm_sequencer_base.svh'.
Back to file '/home/rlk/UVM_Practice/UVM_source_code/uvm-1.2/src/seq/uvm_seq.svh'.
Parsing included file '/home/rlk/UVM_Practice/UVM_source_code/uvm-1.2/src/seq/uvm_sequencer_analysis_fifo.svh'.
Back to file '/home/rlk/UVM_Practice/UVM_source_code/uvm-1.2/src/seq/uvm_seq.svh'.
Parsing included file '/home/rlk/UVM_Practice/UVM_source_code/uvm-1.2/src/seq/uvm_sequencer_param_base.svh'.
Back to file '/home/rlk/UVM_Practice/UVM_source_code/uvm-1.2/src/seq/uvm_seq.svh'.
Parsing included file '/home/rlk/UVM_Practice/UVM_source_code/uvm-1.2/src/seq/uvm_sequencer.svh'.
Back to file '/home/rlk/UVM_Practice/UVM_source_code/uvm-1.2/src/seq/uvm_seq.svh'.
Parsing included file '/home/rlk/UVM_Practice/UVM_source_code/uvm-1.2/src/seq/uvm_push_sequencer.svh'.
Back to file '/home/rlk/UVM_Practice/UVM_source_code/uvm-1.2/src/seq/uvm_seq.svh'.
Parsing included file '/home/rlk/UVM_Practice/UVM_source_code/uvm-1.2/src/seq/uvm_sequence_base.svh'.
Back to file '/home/rlk/UVM_Practice/UVM_source_code/uvm-1.2/src/seq/uvm_seq.svh'.
Parsing included file '/home/rlk/UVM_Practice/UVM_source_code/uvm-1.2/src/seq/uvm_sequence.svh'.
Back to file '/home/rlk/UVM_Practice/UVM_source_code/uvm-1.2/src/seq/uvm_seq.svh'.
Parsing included file '/home/rlk/UVM_Practice/UVM_source_code/uvm-1.2/src/seq/uvm_sequence_library.svh'.
Back to file '/home/rlk/UVM_Practice/UVM_source_code/uvm-1.2/src/seq/uvm_seq.svh'.
Parsing included file '/home/rlk/UVM_Practice/UVM_source_code/uvm-1.2/src/seq/uvm_sequence_builtin.svh'.
Back to file '/home/rlk/UVM_Practice/UVM_source_code/uvm-1.2/src/seq/uvm_seq.svh'.
Back to file '/home/rlk/UVM_Practice/UVM_source_code/uvm-1.2/src/uvm_pkg.sv'.
Parsing included file '/home/rlk/UVM_Practice/UVM_source_code/uvm-1.2/src/tlm2/uvm_tlm2.svh'.
Parsing included file '/home/rlk/UVM_Practice/UVM_source_code/uvm-1.2/src/tlm2/uvm_tlm2_defines.svh'.
Back to file '/home/rlk/UVM_Practice/UVM_source_code/uvm-1.2/src/tlm2/uvm_tlm2.svh'.
Parsing included file '/home/rlk/UVM_Practice/UVM_source_code/uvm-1.2/src/tlm2/uvm_tlm2_time.svh'.
Back to file '/home/rlk/UVM_Practice/UVM_source_code/uvm-1.2/src/tlm2/uvm_tlm2.svh'.
Parsing included file '/home/rlk/UVM_Practice/UVM_source_code/uvm-1.2/src/tlm2/uvm_tlm2_generic_payload.svh'.
Back to file '/home/rlk/UVM_Practice/UVM_source_code/uvm-1.2/src/tlm2/uvm_tlm2.svh'.
Parsing included file '/home/rlk/UVM_Practice/UVM_source_code/uvm-1.2/src/tlm2/uvm_tlm2_ifs.svh'.
Back to file '/home/rlk/UVM_Practice/UVM_source_code/uvm-1.2/src/tlm2/uvm_tlm2.svh'.
Parsing included file '/home/rlk/UVM_Practice/UVM_source_code/uvm-1.2/src/tlm2/uvm_tlm2_imps.svh'.
Back to file '/home/rlk/UVM_Practice/UVM_source_code/uvm-1.2/src/tlm2/uvm_tlm2.svh'.
Parsing included file '/home/rlk/UVM_Practice/UVM_source_code/uvm-1.2/src/tlm2/uvm_tlm2_ports.svh'.
Back to file '/home/rlk/UVM_Practice/UVM_source_code/uvm-1.2/src/tlm2/uvm_tlm2.svh'.
Parsing included file '/home/rlk/UVM_Practice/UVM_source_code/uvm-1.2/src/tlm2/uvm_tlm2_exports.svh'.
Back to file '/home/rlk/UVM_Practice/UVM_source_code/uvm-1.2/src/tlm2/uvm_tlm2.svh'.
Parsing included file '/home/rlk/UVM_Practice/UVM_source_code/uvm-1.2/src/tlm2/uvm_tlm2_sockets_base.svh'.
Back to file '/home/rlk/UVM_Practice/UVM_source_code/uvm-1.2/src/tlm2/uvm_tlm2.svh'.
Parsing included file '/home/rlk/UVM_Practice/UVM_source_code/uvm-1.2/src/tlm2/uvm_tlm2_sockets.svh'.
Back to file '/home/rlk/UVM_Practice/UVM_source_code/uvm-1.2/src/tlm2/uvm_tlm2.svh'.
Back to file '/home/rlk/UVM_Practice/UVM_source_code/uvm-1.2/src/uvm_pkg.sv'.
Parsing included file '/home/rlk/UVM_Practice/UVM_source_code/uvm-1.2/src/reg/uvm_reg_model.svh'.
Parsing included file '/home/rlk/UVM_Practice/UVM_source_code/uvm-1.2/src/reg/uvm_reg_item.svh'.
Back to file '/home/rlk/UVM_Practice/UVM_source_code/uvm-1.2/src/reg/uvm_reg_model.svh'.
Parsing included file '/home/rlk/UVM_Practice/UVM_source_code/uvm-1.2/src/reg/uvm_reg_adapter.svh'.
Back to file '/home/rlk/UVM_Practice/UVM_source_code/uvm-1.2/src/reg/uvm_reg_model.svh'.
Parsing included file '/home/rlk/UVM_Practice/UVM_source_code/uvm-1.2/src/reg/uvm_reg_predictor.svh'.
Back to file '/home/rlk/UVM_Practice/UVM_source_code/uvm-1.2/src/reg/uvm_reg_model.svh'.
Parsing included file '/home/rlk/UVM_Practice/UVM_source_code/uvm-1.2/src/reg/uvm_reg_sequence.svh'.
Back to file '/home/rlk/UVM_Practice/UVM_source_code/uvm-1.2/src/reg/uvm_reg_model.svh'.
Parsing included file '/home/rlk/UVM_Practice/UVM_source_code/uvm-1.2/src/reg/uvm_reg_cbs.svh'.
Back to file '/home/rlk/UVM_Practice/UVM_source_code/uvm-1.2/src/reg/uvm_reg_model.svh'.
Parsing included file '/home/rlk/UVM_Practice/UVM_source_code/uvm-1.2/src/reg/uvm_reg_backdoor.svh'.
Back to file '/home/rlk/UVM_Practice/UVM_source_code/uvm-1.2/src/reg/uvm_reg_model.svh'.
Parsing included file '/home/rlk/UVM_Practice/UVM_source_code/uvm-1.2/src/reg/uvm_reg_field.svh'.
Back to file '/home/rlk/UVM_Practice/UVM_source_code/uvm-1.2/src/reg/uvm_reg_model.svh'.
Parsing included file '/home/rlk/UVM_Practice/UVM_source_code/uvm-1.2/src/reg/uvm_vreg_field.svh'.
Back to file '/home/rlk/UVM_Practice/UVM_source_code/uvm-1.2/src/reg/uvm_reg_model.svh'.
Parsing included file '/home/rlk/UVM_Practice/UVM_source_code/uvm-1.2/src/reg/uvm_reg.svh'.
Back to file '/home/rlk/UVM_Practice/UVM_source_code/uvm-1.2/src/reg/uvm_reg_model.svh'.
Parsing included file '/home/rlk/UVM_Practice/UVM_source_code/uvm-1.2/src/reg/uvm_reg_indirect.svh'.
Back to file '/home/rlk/UVM_Practice/UVM_source_code/uvm-1.2/src/reg/uvm_reg_model.svh'.
Parsing included file '/home/rlk/UVM_Practice/UVM_source_code/uvm-1.2/src/reg/uvm_reg_fifo.svh'.
Back to file '/home/rlk/UVM_Practice/UVM_source_code/uvm-1.2/src/reg/uvm_reg_model.svh'.
Parsing included file '/home/rlk/UVM_Practice/UVM_source_code/uvm-1.2/src/reg/uvm_reg_file.svh'.
Back to file '/home/rlk/UVM_Practice/UVM_source_code/uvm-1.2/src/reg/uvm_reg_model.svh'.
Parsing included file '/home/rlk/UVM_Practice/UVM_source_code/uvm-1.2/src/reg/uvm_mem_mam.svh'.
Back to file '/home/rlk/UVM_Practice/UVM_source_code/uvm-1.2/src/reg/uvm_reg_model.svh'.
Parsing included file '/home/rlk/UVM_Practice/UVM_source_code/uvm-1.2/src/reg/uvm_vreg.svh'.
Back to file '/home/rlk/UVM_Practice/UVM_source_code/uvm-1.2/src/reg/uvm_reg_model.svh'.
Parsing included file '/home/rlk/UVM_Practice/UVM_source_code/uvm-1.2/src/reg/uvm_mem.svh'.
Back to file '/home/rlk/UVM_Practice/UVM_source_code/uvm-1.2/src/reg/uvm_reg_model.svh'.
Parsing included file '/home/rlk/UVM_Practice/UVM_source_code/uvm-1.2/src/reg/uvm_reg_map.svh'.
Back to file '/home/rlk/UVM_Practice/UVM_source_code/uvm-1.2/src/reg/uvm_reg_model.svh'.
Parsing included file '/home/rlk/UVM_Practice/UVM_source_code/uvm-1.2/src/reg/uvm_reg_block.svh'.
Back to file '/home/rlk/UVM_Practice/UVM_source_code/uvm-1.2/src/reg/uvm_reg_model.svh'.
Parsing included file '/home/rlk/UVM_Practice/UVM_source_code/uvm-1.2/src/reg/sequences/uvm_reg_hw_reset_seq.svh'.
Back to file '/home/rlk/UVM_Practice/UVM_source_code/uvm-1.2/src/reg/uvm_reg_model.svh'.
Parsing included file '/home/rlk/UVM_Practice/UVM_source_code/uvm-1.2/src/reg/sequences/uvm_reg_bit_bash_seq.svh'.
Back to file '/home/rlk/UVM_Practice/UVM_source_code/uvm-1.2/src/reg/uvm_reg_model.svh'.
Parsing included file '/home/rlk/UVM_Practice/UVM_source_code/uvm-1.2/src/reg/sequences/uvm_mem_walk_seq.svh'.
Back to file '/home/rlk/UVM_Practice/UVM_source_code/uvm-1.2/src/reg/uvm_reg_model.svh'.
Parsing included file '/home/rlk/UVM_Practice/UVM_source_code/uvm-1.2/src/reg/sequences/uvm_mem_access_seq.svh'.
Back to file '/home/rlk/UVM_Practice/UVM_source_code/uvm-1.2/src/reg/uvm_reg_model.svh'.
Parsing included file '/home/rlk/UVM_Practice/UVM_source_code/uvm-1.2/src/reg/sequences/uvm_reg_access_seq.svh'.
Back to file '/home/rlk/UVM_Practice/UVM_source_code/uvm-1.2/src/reg/uvm_reg_model.svh'.
Parsing included file '/home/rlk/UVM_Practice/UVM_source_code/uvm-1.2/src/reg/sequences/uvm_reg_mem_shared_access_seq.svh'.
Back to file '/home/rlk/UVM_Practice/UVM_source_code/uvm-1.2/src/reg/uvm_reg_model.svh'.
Parsing included file '/home/rlk/UVM_Practice/UVM_source_code/uvm-1.2/src/reg/sequences/uvm_reg_mem_built_in_seq.svh'.
Back to file '/home/rlk/UVM_Practice/UVM_source_code/uvm-1.2/src/reg/uvm_reg_model.svh'.
Parsing included file '/home/rlk/UVM_Practice/UVM_source_code/uvm-1.2/src/reg/sequences/uvm_reg_mem_hdl_paths_seq.svh'.
Back to file '/home/rlk/UVM_Practice/UVM_source_code/uvm-1.2/src/reg/uvm_reg_model.svh'.
Back to file '/home/rlk/UVM_Practice/UVM_source_code/uvm-1.2/src/uvm_pkg.sv'.
Back to file '/home/rlk/UVM_Practice/UVM_source_code/uvm-1.2/src/uvm.sv'.
Parsing design file '/home/rlk/UVM_Practice/UVM_white_book/rtl/dut.v'
Parsing design file '/home/rlk/UVM_Practice/UVM_white_book/verification/harness/top_tb.sv'
Parsing included file '/home/rlk/UVM_Practice/UVM_source_code/uvm-1.2/src/uvm_macros.svh'.
Back to file '/home/rlk/UVM_Practice/UVM_white_book/verification/harness/top_tb.sv'.
Parsing included file '../env/env_file.sv'.
Parsing included file '../env/my_if.sv'.
Back to file '../env/env_file.sv'.
Parsing included file '../env/my_driver.sv'.
Back to file '../env/env_file.sv'.
Back to file '/home/rlk/UVM_Practice/UVM_white_book/verification/harness/top_tb.sv'.
Top Level Modules:
       top_tb
TimeScale is 1 ns / 1 ps
Starting vcs inline pass...
6 modules and 0 UDP read.
recompiling package vcs_paramclassrepository
recompiling package uvm_pkg
recompiling module dut
recompiling module my_if
recompiling module top_tb
5 of 6 modules done
	However, due to incremental compilation, only 5 modules need to be compiled. 
make[1]: Entering directory '/home/rlk/UVM_Practice/UVM_white_book/verification/sim/csrc'
make[1]: Leaving directory '/home/rlk/UVM_Practice/UVM_white_book/verification/sim/csrc'
make[1]: Entering directory '/home/rlk/UVM_Practice/UVM_white_book/verification/sim/csrc'
rm -f _csrc*.so pre_vcsobj_*.so share_vcsobj_*.so
if [ -x ../simv ]; then chmod -x ../simv; fi
g++  -o ../simv -no-pie    -Wl,-rpath-link=./ -Wl,-rpath='$ORIGIN'/simv.daidir/ -Wl,-rpath=./simv.daidir/ -Wl,-rpath='$ORIGIN'/simv.daidir//scsim.db.dir  -Wl,--no-as-needed -rdynamic  -Wl,-rpath=/home/Synopsys/vcs/O-2018.09-SP2/linux64/lib -L/home/Synopsys/vcs/O-2018.09-SP2/linux64/lib  uvm_dpi.o   objs/amcQw_d.o   _326801_archive_1.so _prev_archive_1.so  SIM_l.o      rmapats_mop.o rmapats.o rmar.o rmar_nd.o  rmar_llvm_0_1.o rmar_llvm_0_0.o          -lzerosoft_rt_stubs -lvirsim -lerrorinf -lsnpsmalloc -lvfs /home/Synopsys/verdi/Verdi_O-2018.09-SP2/share/PLI/VCS/LINUX64/pli.a    -lvcsnew -lsimprofile -luclinative /home/Synopsys/vcs/O-2018.09-SP2/linux64/lib/vcs_tls.o   -Wl,-whole-archive -lvcsucli -Wl,-no-whole-archive       ./../simv.daidir/vc_hdrs.o  _vcs_pli_stub_.o   /home/Synopsys/vcs/O-2018.09-SP2/linux64/lib/vcs_save_restore_new.o /home/Synopsys/verdi/Verdi_O-2018.09-SP2/share/PLI/VCS/LINUX64/pli.a -ldl -lm  -lc -lpthread -ldl 
../simv up to date
make[1]: Leaving directory '/home/rlk/UVM_Practice/UVM_white_book/verification/sim/csrc'
Chronologic VCS simulator copyright 1991-2018
Contains Synopsys proprietary information.
Compiler version O-2018.09-SP2_Full64; Runtime version O-2018.09-SP2_Full64;  May 11 01:42 2022
UVM_INFO /home/rlk/UVM_Practice/UVM_source_code/uvm-1.2/src/base/uvm_root.svh(392) @ 0: reporter [UVM/RELNOTES] 
----------------------------------------------------------------
UVM-1.2
(C) 2007-2014 Mentor Graphics Corporation
(C) 2007-2014 Cadence Design Systems, Inc.
(C) 2006-2014 Synopsys, Inc.
(C) 2011-2013 Cypress Semiconductor Corp.
(C) 2013-2014 NVIDIA Corporation
----------------------------------------------------------------

  ***********       IMPORTANT RELEASE NOTES         ************

  You are using a version of the UVM library that has been compiled
  with `UVM_NO_DEPRECATED undefined.
  See http://www.eda.org/svdb/view.php?id=3313 for more details.

  You are using a version of the UVM library that has been compiled
  with `UVM_OBJECT_DO_NOT_NEED_CONSTRUCTOR undefined.
  See http://www.eda.org/svdb/view.php?id=3770 for more details.

      (Specify +UVM_NO_RELNOTES to turn off this notice)

UVM_INFO @ 0: reporter [RNTST] Running test my_driver...
*Verdi* Loading libsscore_vcs201809.so
FSDB Dumper for VCS, Release Verdi_O-2018.09-SP2, Linux x86_64/64bit, 02/21/2019
(C) 1996 - 2019 by Synopsys, Inc.
*Verdi* FSDB WARNING: The FSDB file already exists. Overwriting the FSDB file may crash the programs that are using this file.
*Verdi* : Create FSDB file 'tb.fsdb'
*Verdi* : Begin traversing the scopes, layer (0).
*Verdi* : End of traversing.
---------------SIMULATION START-----------------
UVM_INFO ../env/my_driver.sv(42) @ 1300000: uvm_test_top [my_driver] data is drived
UVM_INFO ../env/my_driver.sv(42) @ 1500000: uvm_test_top [my_driver] data is drived
UVM_INFO ../env/my_driver.sv(42) @ 1700000: uvm_test_top [my_driver] data is drived
UVM_INFO ../env/my_driver.sv(42) @ 1900000: uvm_test_top [my_driver] data is drived
UVM_INFO ../env/my_driver.sv(42) @ 2100000: uvm_test_top [my_driver] data is drived
UVM_INFO ../env/my_driver.sv(42) @ 2300000: uvm_test_top [my_driver] data is drived
UVM_INFO ../env/my_driver.sv(42) @ 2500000: uvm_test_top [my_driver] data is drived
UVM_INFO ../env/my_driver.sv(42) @ 2700000: uvm_test_top [my_driver] data is drived
UVM_INFO ../env/my_driver.sv(42) @ 2900000: uvm_test_top [my_driver] data is drived
UVM_INFO ../env/my_driver.sv(42) @ 3100000: uvm_test_top [my_driver] data is drived
UVM_INFO ../env/my_driver.sv(42) @ 3300000: uvm_test_top [my_driver] data is drived
UVM_INFO ../env/my_driver.sv(42) @ 3500000: uvm_test_top [my_driver] data is drived
UVM_INFO ../env/my_driver.sv(42) @ 3700000: uvm_test_top [my_driver] data is drived
UVM_INFO ../env/my_driver.sv(42) @ 3900000: uvm_test_top [my_driver] data is drived
UVM_INFO ../env/my_driver.sv(42) @ 4100000: uvm_test_top [my_driver] data is drived
UVM_INFO ../env/my_driver.sv(42) @ 4300000: uvm_test_top [my_driver] data is drived
UVM_INFO ../env/my_driver.sv(42) @ 4500000: uvm_test_top [my_driver] data is drived
UVM_INFO ../env/my_driver.sv(42) @ 4700000: uvm_test_top [my_driver] data is drived
UVM_INFO ../env/my_driver.sv(42) @ 4900000: uvm_test_top [my_driver] data is drived
UVM_INFO ../env/my_driver.sv(42) @ 5100000: uvm_test_top [my_driver] data is drived
UVM_INFO ../env/my_driver.sv(42) @ 5300000: uvm_test_top [my_driver] data is drived
UVM_INFO ../env/my_driver.sv(42) @ 5500000: uvm_test_top [my_driver] data is drived
UVM_INFO ../env/my_driver.sv(42) @ 5700000: uvm_test_top [my_driver] data is drived
UVM_INFO ../env/my_driver.sv(42) @ 5900000: uvm_test_top [my_driver] data is drived
UVM_INFO ../env/my_driver.sv(42) @ 6100000: uvm_test_top [my_driver] data is drived
UVM_INFO ../env/my_driver.sv(42) @ 6300000: uvm_test_top [my_driver] data is drived
UVM_INFO ../env/my_driver.sv(42) @ 6500000: uvm_test_top [my_driver] data is drived
UVM_INFO ../env/my_driver.sv(42) @ 6700000: uvm_test_top [my_driver] data is drived
UVM_INFO ../env/my_driver.sv(42) @ 6900000: uvm_test_top [my_driver] data is drived
UVM_INFO ../env/my_driver.sv(42) @ 7100000: uvm_test_top [my_driver] data is drived
UVM_INFO ../env/my_driver.sv(42) @ 7300000: uvm_test_top [my_driver] data is drived
UVM_INFO ../env/my_driver.sv(42) @ 7500000: uvm_test_top [my_driver] data is drived
UVM_INFO ../env/my_driver.sv(42) @ 7700000: uvm_test_top [my_driver] data is drived
UVM_INFO ../env/my_driver.sv(42) @ 7900000: uvm_test_top [my_driver] data is drived
UVM_INFO ../env/my_driver.sv(42) @ 8100000: uvm_test_top [my_driver] data is drived
UVM_INFO ../env/my_driver.sv(42) @ 8300000: uvm_test_top [my_driver] data is drived
UVM_INFO ../env/my_driver.sv(42) @ 8500000: uvm_test_top [my_driver] data is drived
UVM_INFO ../env/my_driver.sv(42) @ 8700000: uvm_test_top [my_driver] data is drived
UVM_INFO ../env/my_driver.sv(42) @ 8900000: uvm_test_top [my_driver] data is drived
UVM_INFO ../env/my_driver.sv(42) @ 9100000: uvm_test_top [my_driver] data is drived
UVM_INFO ../env/my_driver.sv(42) @ 9300000: uvm_test_top [my_driver] data is drived
UVM_INFO ../env/my_driver.sv(42) @ 9500000: uvm_test_top [my_driver] data is drived
UVM_INFO ../env/my_driver.sv(42) @ 9700000: uvm_test_top [my_driver] data is drived
UVM_INFO ../env/my_driver.sv(42) @ 9900000: uvm_test_top [my_driver] data is drived
UVM_INFO ../env/my_driver.sv(42) @ 10100000: uvm_test_top [my_driver] data is drived
UVM_INFO ../env/my_driver.sv(42) @ 10300000: uvm_test_top [my_driver] data is drived
UVM_INFO ../env/my_driver.sv(42) @ 10500000: uvm_test_top [my_driver] data is drived
UVM_INFO ../env/my_driver.sv(42) @ 10700000: uvm_test_top [my_driver] data is drived
UVM_INFO ../env/my_driver.sv(42) @ 10900000: uvm_test_top [my_driver] data is drived
UVM_INFO ../env/my_driver.sv(42) @ 11100000: uvm_test_top [my_driver] data is drived
UVM_INFO ../env/my_driver.sv(42) @ 11300000: uvm_test_top [my_driver] data is drived
UVM_INFO ../env/my_driver.sv(42) @ 11500000: uvm_test_top [my_driver] data is drived
UVM_INFO ../env/my_driver.sv(42) @ 11700000: uvm_test_top [my_driver] data is drived
UVM_INFO ../env/my_driver.sv(42) @ 11900000: uvm_test_top [my_driver] data is drived
UVM_INFO ../env/my_driver.sv(42) @ 12100000: uvm_test_top [my_driver] data is drived
UVM_INFO ../env/my_driver.sv(42) @ 12300000: uvm_test_top [my_driver] data is drived
UVM_INFO ../env/my_driver.sv(42) @ 12500000: uvm_test_top [my_driver] data is drived
UVM_INFO ../env/my_driver.sv(42) @ 12700000: uvm_test_top [my_driver] data is drived
UVM_INFO ../env/my_driver.sv(42) @ 12900000: uvm_test_top [my_driver] data is drived
UVM_INFO ../env/my_driver.sv(42) @ 13100000: uvm_test_top [my_driver] data is drived
UVM_INFO ../env/my_driver.sv(42) @ 13300000: uvm_test_top [my_driver] data is drived
UVM_INFO ../env/my_driver.sv(42) @ 13500000: uvm_test_top [my_driver] data is drived
UVM_INFO ../env/my_driver.sv(42) @ 13700000: uvm_test_top [my_driver] data is drived
UVM_INFO ../env/my_driver.sv(42) @ 13900000: uvm_test_top [my_driver] data is drived
UVM_INFO ../env/my_driver.sv(42) @ 14100000: uvm_test_top [my_driver] data is drived
UVM_INFO ../env/my_driver.sv(42) @ 14300000: uvm_test_top [my_driver] data is drived
UVM_INFO ../env/my_driver.sv(42) @ 14500000: uvm_test_top [my_driver] data is drived
UVM_INFO ../env/my_driver.sv(42) @ 14700000: uvm_test_top [my_driver] data is drived
UVM_INFO ../env/my_driver.sv(42) @ 14900000: uvm_test_top [my_driver] data is drived
UVM_INFO ../env/my_driver.sv(42) @ 15100000: uvm_test_top [my_driver] data is drived
UVM_INFO ../env/my_driver.sv(42) @ 15300000: uvm_test_top [my_driver] data is drived
UVM_INFO ../env/my_driver.sv(42) @ 15500000: uvm_test_top [my_driver] data is drived
UVM_INFO ../env/my_driver.sv(42) @ 15700000: uvm_test_top [my_driver] data is drived
UVM_INFO ../env/my_driver.sv(42) @ 15900000: uvm_test_top [my_driver] data is drived
UVM_INFO ../env/my_driver.sv(42) @ 16100000: uvm_test_top [my_driver] data is drived
UVM_INFO ../env/my_driver.sv(42) @ 16300000: uvm_test_top [my_driver] data is drived
UVM_INFO ../env/my_driver.sv(42) @ 16500000: uvm_test_top [my_driver] data is drived
UVM_INFO ../env/my_driver.sv(42) @ 16700000: uvm_test_top [my_driver] data is drived
UVM_INFO ../env/my_driver.sv(42) @ 16900000: uvm_test_top [my_driver] data is drived
UVM_INFO ../env/my_driver.sv(42) @ 17100000: uvm_test_top [my_driver] data is drived
UVM_INFO ../env/my_driver.sv(42) @ 17300000: uvm_test_top [my_driver] data is drived
UVM_INFO ../env/my_driver.sv(42) @ 17500000: uvm_test_top [my_driver] data is drived
UVM_INFO ../env/my_driver.sv(42) @ 17700000: uvm_test_top [my_driver] data is drived
UVM_INFO ../env/my_driver.sv(42) @ 17900000: uvm_test_top [my_driver] data is drived
UVM_INFO ../env/my_driver.sv(42) @ 18100000: uvm_test_top [my_driver] data is drived
UVM_INFO ../env/my_driver.sv(42) @ 18300000: uvm_test_top [my_driver] data is drived
UVM_INFO ../env/my_driver.sv(42) @ 18500000: uvm_test_top [my_driver] data is drived
UVM_INFO ../env/my_driver.sv(42) @ 18700000: uvm_test_top [my_driver] data is drived
UVM_INFO ../env/my_driver.sv(42) @ 18900000: uvm_test_top [my_driver] data is drived
UVM_INFO ../env/my_driver.sv(42) @ 19100000: uvm_test_top [my_driver] data is drived
UVM_INFO ../env/my_driver.sv(42) @ 19300000: uvm_test_top [my_driver] data is drived
UVM_INFO ../env/my_driver.sv(42) @ 19500000: uvm_test_top [my_driver] data is drived
UVM_INFO ../env/my_driver.sv(42) @ 19700000: uvm_test_top [my_driver] data is drived
UVM_INFO ../env/my_driver.sv(42) @ 19900000: uvm_test_top [my_driver] data is drived
UVM_INFO ../env/my_driver.sv(42) @ 20100000: uvm_test_top [my_driver] data is drived
UVM_INFO ../env/my_driver.sv(42) @ 20300000: uvm_test_top [my_driver] data is drived
UVM_INFO ../env/my_driver.sv(42) @ 20500000: uvm_test_top [my_driver] data is drived
UVM_INFO ../env/my_driver.sv(42) @ 20700000: uvm_test_top [my_driver] data is drived
UVM_INFO ../env/my_driver.sv(42) @ 20900000: uvm_test_top [my_driver] data is drived
UVM_INFO ../env/my_driver.sv(42) @ 21100000: uvm_test_top [my_driver] data is drived
UVM_INFO ../env/my_driver.sv(42) @ 21300000: uvm_test_top [my_driver] data is drived
UVM_INFO ../env/my_driver.sv(42) @ 21500000: uvm_test_top [my_driver] data is drived
UVM_INFO ../env/my_driver.sv(42) @ 21700000: uvm_test_top [my_driver] data is drived
UVM_INFO ../env/my_driver.sv(42) @ 21900000: uvm_test_top [my_driver] data is drived
UVM_INFO ../env/my_driver.sv(42) @ 22100000: uvm_test_top [my_driver] data is drived
UVM_INFO ../env/my_driver.sv(42) @ 22300000: uvm_test_top [my_driver] data is drived
UVM_INFO ../env/my_driver.sv(42) @ 22500000: uvm_test_top [my_driver] data is drived
UVM_INFO ../env/my_driver.sv(42) @ 22700000: uvm_test_top [my_driver] data is drived
UVM_INFO ../env/my_driver.sv(42) @ 22900000: uvm_test_top [my_driver] data is drived
UVM_INFO ../env/my_driver.sv(42) @ 23100000: uvm_test_top [my_driver] data is drived
UVM_INFO ../env/my_driver.sv(42) @ 23300000: uvm_test_top [my_driver] data is drived
UVM_INFO ../env/my_driver.sv(42) @ 23500000: uvm_test_top [my_driver] data is drived
UVM_INFO ../env/my_driver.sv(42) @ 23700000: uvm_test_top [my_driver] data is drived
UVM_INFO ../env/my_driver.sv(42) @ 23900000: uvm_test_top [my_driver] data is drived
UVM_INFO ../env/my_driver.sv(42) @ 24100000: uvm_test_top [my_driver] data is drived
UVM_INFO ../env/my_driver.sv(42) @ 24300000: uvm_test_top [my_driver] data is drived
UVM_INFO ../env/my_driver.sv(42) @ 24500000: uvm_test_top [my_driver] data is drived
UVM_INFO ../env/my_driver.sv(42) @ 24700000: uvm_test_top [my_driver] data is drived
UVM_INFO ../env/my_driver.sv(42) @ 24900000: uvm_test_top [my_driver] data is drived
UVM_INFO ../env/my_driver.sv(42) @ 25100000: uvm_test_top [my_driver] data is drived
UVM_INFO ../env/my_driver.sv(42) @ 25300000: uvm_test_top [my_driver] data is drived
UVM_INFO ../env/my_driver.sv(42) @ 25500000: uvm_test_top [my_driver] data is drived
UVM_INFO ../env/my_driver.sv(42) @ 25700000: uvm_test_top [my_driver] data is drived
UVM_INFO ../env/my_driver.sv(42) @ 25900000: uvm_test_top [my_driver] data is drived
UVM_INFO ../env/my_driver.sv(42) @ 26100000: uvm_test_top [my_driver] data is drived
UVM_INFO ../env/my_driver.sv(42) @ 26300000: uvm_test_top [my_driver] data is drived
UVM_INFO ../env/my_driver.sv(42) @ 26500000: uvm_test_top [my_driver] data is drived
UVM_INFO ../env/my_driver.sv(42) @ 26700000: uvm_test_top [my_driver] data is drived
UVM_INFO ../env/my_driver.sv(42) @ 26900000: uvm_test_top [my_driver] data is drived
UVM_INFO ../env/my_driver.sv(42) @ 27100000: uvm_test_top [my_driver] data is drived
UVM_INFO ../env/my_driver.sv(42) @ 27300000: uvm_test_top [my_driver] data is drived
UVM_INFO ../env/my_driver.sv(42) @ 27500000: uvm_test_top [my_driver] data is drived
UVM_INFO ../env/my_driver.sv(42) @ 27700000: uvm_test_top [my_driver] data is drived
UVM_INFO ../env/my_driver.sv(42) @ 27900000: uvm_test_top [my_driver] data is drived
UVM_INFO ../env/my_driver.sv(42) @ 28100000: uvm_test_top [my_driver] data is drived
UVM_INFO ../env/my_driver.sv(42) @ 28300000: uvm_test_top [my_driver] data is drived
UVM_INFO ../env/my_driver.sv(42) @ 28500000: uvm_test_top [my_driver] data is drived
UVM_INFO ../env/my_driver.sv(42) @ 28700000: uvm_test_top [my_driver] data is drived
UVM_INFO ../env/my_driver.sv(42) @ 28900000: uvm_test_top [my_driver] data is drived
UVM_INFO ../env/my_driver.sv(42) @ 29100000: uvm_test_top [my_driver] data is drived
UVM_INFO ../env/my_driver.sv(42) @ 29300000: uvm_test_top [my_driver] data is drived
UVM_INFO ../env/my_driver.sv(42) @ 29500000: uvm_test_top [my_driver] data is drived
UVM_INFO ../env/my_driver.sv(42) @ 29700000: uvm_test_top [my_driver] data is drived
UVM_INFO ../env/my_driver.sv(42) @ 29900000: uvm_test_top [my_driver] data is drived
UVM_INFO ../env/my_driver.sv(42) @ 30100000: uvm_test_top [my_driver] data is drived
UVM_INFO ../env/my_driver.sv(42) @ 30300000: uvm_test_top [my_driver] data is drived
UVM_INFO ../env/my_driver.sv(42) @ 30500000: uvm_test_top [my_driver] data is drived
UVM_INFO ../env/my_driver.sv(42) @ 30700000: uvm_test_top [my_driver] data is drived
UVM_INFO ../env/my_driver.sv(42) @ 30900000: uvm_test_top [my_driver] data is drived
UVM_INFO ../env/my_driver.sv(42) @ 31100000: uvm_test_top [my_driver] data is drived
UVM_INFO ../env/my_driver.sv(42) @ 31300000: uvm_test_top [my_driver] data is drived
UVM_INFO ../env/my_driver.sv(42) @ 31500000: uvm_test_top [my_driver] data is drived
UVM_INFO ../env/my_driver.sv(42) @ 31700000: uvm_test_top [my_driver] data is drived
UVM_INFO ../env/my_driver.sv(42) @ 31900000: uvm_test_top [my_driver] data is drived
UVM_INFO ../env/my_driver.sv(42) @ 32100000: uvm_test_top [my_driver] data is drived
UVM_INFO ../env/my_driver.sv(42) @ 32300000: uvm_test_top [my_driver] data is drived
UVM_INFO ../env/my_driver.sv(42) @ 32500000: uvm_test_top [my_driver] data is drived
UVM_INFO ../env/my_driver.sv(42) @ 32700000: uvm_test_top [my_driver] data is drived
UVM_INFO ../env/my_driver.sv(42) @ 32900000: uvm_test_top [my_driver] data is drived
UVM_INFO ../env/my_driver.sv(42) @ 33100000: uvm_test_top [my_driver] data is drived
UVM_INFO ../env/my_driver.sv(42) @ 33300000: uvm_test_top [my_driver] data is drived
UVM_INFO ../env/my_driver.sv(42) @ 33500000: uvm_test_top [my_driver] data is drived
UVM_INFO ../env/my_driver.sv(42) @ 33700000: uvm_test_top [my_driver] data is drived
UVM_INFO ../env/my_driver.sv(42) @ 33900000: uvm_test_top [my_driver] data is drived
UVM_INFO ../env/my_driver.sv(42) @ 34100000: uvm_test_top [my_driver] data is drived
UVM_INFO ../env/my_driver.sv(42) @ 34300000: uvm_test_top [my_driver] data is drived
UVM_INFO ../env/my_driver.sv(42) @ 34500000: uvm_test_top [my_driver] data is drived
UVM_INFO ../env/my_driver.sv(42) @ 34700000: uvm_test_top [my_driver] data is drived
UVM_INFO ../env/my_driver.sv(42) @ 34900000: uvm_test_top [my_driver] data is drived
UVM_INFO ../env/my_driver.sv(42) @ 35100000: uvm_test_top [my_driver] data is drived
UVM_INFO ../env/my_driver.sv(42) @ 35300000: uvm_test_top [my_driver] data is drived
UVM_INFO ../env/my_driver.sv(42) @ 35500000: uvm_test_top [my_driver] data is drived
UVM_INFO ../env/my_driver.sv(42) @ 35700000: uvm_test_top [my_driver] data is drived
UVM_INFO ../env/my_driver.sv(42) @ 35900000: uvm_test_top [my_driver] data is drived
UVM_INFO ../env/my_driver.sv(42) @ 36100000: uvm_test_top [my_driver] data is drived
UVM_INFO ../env/my_driver.sv(42) @ 36300000: uvm_test_top [my_driver] data is drived
UVM_INFO ../env/my_driver.sv(42) @ 36500000: uvm_test_top [my_driver] data is drived
UVM_INFO ../env/my_driver.sv(42) @ 36700000: uvm_test_top [my_driver] data is drived
UVM_INFO ../env/my_driver.sv(42) @ 36900000: uvm_test_top [my_driver] data is drived
UVM_INFO ../env/my_driver.sv(42) @ 37100000: uvm_test_top [my_driver] data is drived
UVM_INFO ../env/my_driver.sv(42) @ 37300000: uvm_test_top [my_driver] data is drived
UVM_INFO ../env/my_driver.sv(42) @ 37500000: uvm_test_top [my_driver] data is drived
UVM_INFO ../env/my_driver.sv(42) @ 37700000: uvm_test_top [my_driver] data is drived
UVM_INFO ../env/my_driver.sv(42) @ 37900000: uvm_test_top [my_driver] data is drived
UVM_INFO ../env/my_driver.sv(42) @ 38100000: uvm_test_top [my_driver] data is drived
UVM_INFO ../env/my_driver.sv(42) @ 38300000: uvm_test_top [my_driver] data is drived
UVM_INFO ../env/my_driver.sv(42) @ 38500000: uvm_test_top [my_driver] data is drived
UVM_INFO ../env/my_driver.sv(42) @ 38700000: uvm_test_top [my_driver] data is drived
UVM_INFO ../env/my_driver.sv(42) @ 38900000: uvm_test_top [my_driver] data is drived
UVM_INFO ../env/my_driver.sv(42) @ 39100000: uvm_test_top [my_driver] data is drived
UVM_INFO ../env/my_driver.sv(42) @ 39300000: uvm_test_top [my_driver] data is drived
UVM_INFO ../env/my_driver.sv(42) @ 39500000: uvm_test_top [my_driver] data is drived
UVM_INFO ../env/my_driver.sv(42) @ 39700000: uvm_test_top [my_driver] data is drived
UVM_INFO ../env/my_driver.sv(42) @ 39900000: uvm_test_top [my_driver] data is drived
UVM_INFO ../env/my_driver.sv(42) @ 40100000: uvm_test_top [my_driver] data is drived
UVM_INFO ../env/my_driver.sv(42) @ 40300000: uvm_test_top [my_driver] data is drived
UVM_INFO ../env/my_driver.sv(42) @ 40500000: uvm_test_top [my_driver] data is drived
UVM_INFO ../env/my_driver.sv(42) @ 40700000: uvm_test_top [my_driver] data is drived
UVM_INFO ../env/my_driver.sv(42) @ 40900000: uvm_test_top [my_driver] data is drived
UVM_INFO ../env/my_driver.sv(42) @ 41100000: uvm_test_top [my_driver] data is drived
UVM_INFO ../env/my_driver.sv(42) @ 41300000: uvm_test_top [my_driver] data is drived
UVM_INFO ../env/my_driver.sv(42) @ 41500000: uvm_test_top [my_driver] data is drived
UVM_INFO ../env/my_driver.sv(42) @ 41700000: uvm_test_top [my_driver] data is drived
UVM_INFO ../env/my_driver.sv(42) @ 41900000: uvm_test_top [my_driver] data is drived
UVM_INFO ../env/my_driver.sv(42) @ 42100000: uvm_test_top [my_driver] data is drived
UVM_INFO ../env/my_driver.sv(42) @ 42300000: uvm_test_top [my_driver] data is drived
UVM_INFO ../env/my_driver.sv(42) @ 42500000: uvm_test_top [my_driver] data is drived
UVM_INFO ../env/my_driver.sv(42) @ 42700000: uvm_test_top [my_driver] data is drived
UVM_INFO ../env/my_driver.sv(42) @ 42900000: uvm_test_top [my_driver] data is drived
UVM_INFO ../env/my_driver.sv(42) @ 43100000: uvm_test_top [my_driver] data is drived
UVM_INFO ../env/my_driver.sv(42) @ 43300000: uvm_test_top [my_driver] data is drived
UVM_INFO ../env/my_driver.sv(42) @ 43500000: uvm_test_top [my_driver] data is drived
UVM_INFO ../env/my_driver.sv(42) @ 43700000: uvm_test_top [my_driver] data is drived
UVM_INFO ../env/my_driver.sv(42) @ 43900000: uvm_test_top [my_driver] data is drived
UVM_INFO ../env/my_driver.sv(42) @ 44100000: uvm_test_top [my_driver] data is drived
UVM_INFO ../env/my_driver.sv(42) @ 44300000: uvm_test_top [my_driver] data is drived
UVM_INFO ../env/my_driver.sv(42) @ 44500000: uvm_test_top [my_driver] data is drived
UVM_INFO ../env/my_driver.sv(42) @ 44700000: uvm_test_top [my_driver] data is drived
UVM_INFO ../env/my_driver.sv(42) @ 44900000: uvm_test_top [my_driver] data is drived
UVM_INFO ../env/my_driver.sv(42) @ 45100000: uvm_test_top [my_driver] data is drived
UVM_INFO ../env/my_driver.sv(42) @ 45300000: uvm_test_top [my_driver] data is drived
UVM_INFO ../env/my_driver.sv(42) @ 45500000: uvm_test_top [my_driver] data is drived
UVM_INFO ../env/my_driver.sv(42) @ 45700000: uvm_test_top [my_driver] data is drived
UVM_INFO ../env/my_driver.sv(42) @ 45900000: uvm_test_top [my_driver] data is drived
UVM_INFO ../env/my_driver.sv(42) @ 46100000: uvm_test_top [my_driver] data is drived
UVM_INFO ../env/my_driver.sv(42) @ 46300000: uvm_test_top [my_driver] data is drived
UVM_INFO ../env/my_driver.sv(42) @ 46500000: uvm_test_top [my_driver] data is drived
UVM_INFO ../env/my_driver.sv(42) @ 46700000: uvm_test_top [my_driver] data is drived
UVM_INFO ../env/my_driver.sv(42) @ 46900000: uvm_test_top [my_driver] data is drived
UVM_INFO ../env/my_driver.sv(42) @ 47100000: uvm_test_top [my_driver] data is drived
UVM_INFO ../env/my_driver.sv(42) @ 47300000: uvm_test_top [my_driver] data is drived
UVM_INFO ../env/my_driver.sv(42) @ 47500000: uvm_test_top [my_driver] data is drived
UVM_INFO ../env/my_driver.sv(42) @ 47700000: uvm_test_top [my_driver] data is drived
UVM_INFO ../env/my_driver.sv(42) @ 47900000: uvm_test_top [my_driver] data is drived
UVM_INFO ../env/my_driver.sv(42) @ 48100000: uvm_test_top [my_driver] data is drived
UVM_INFO ../env/my_driver.sv(42) @ 48300000: uvm_test_top [my_driver] data is drived
UVM_INFO ../env/my_driver.sv(42) @ 48500000: uvm_test_top [my_driver] data is drived
UVM_INFO ../env/my_driver.sv(42) @ 48700000: uvm_test_top [my_driver] data is drived
UVM_INFO ../env/my_driver.sv(42) @ 48900000: uvm_test_top [my_driver] data is drived
UVM_INFO ../env/my_driver.sv(42) @ 49100000: uvm_test_top [my_driver] data is drived
UVM_INFO ../env/my_driver.sv(42) @ 49300000: uvm_test_top [my_driver] data is drived
UVM_INFO ../env/my_driver.sv(42) @ 49500000: uvm_test_top [my_driver] data is drived
UVM_INFO ../env/my_driver.sv(42) @ 49700000: uvm_test_top [my_driver] data is drived
UVM_INFO ../env/my_driver.sv(42) @ 49900000: uvm_test_top [my_driver] data is drived
UVM_INFO ../env/my_driver.sv(42) @ 50100000: uvm_test_top [my_driver] data is drived
UVM_INFO ../env/my_driver.sv(42) @ 50300000: uvm_test_top [my_driver] data is drived
UVM_INFO ../env/my_driver.sv(42) @ 50500000: uvm_test_top [my_driver] data is drived
UVM_INFO ../env/my_driver.sv(42) @ 50700000: uvm_test_top [my_driver] data is drived
UVM_INFO ../env/my_driver.sv(42) @ 50900000: uvm_test_top [my_driver] data is drived
UVM_INFO ../env/my_driver.sv(42) @ 51100000: uvm_test_top [my_driver] data is drived
UVM_INFO ../env/my_driver.sv(42) @ 51300000: uvm_test_top [my_driver] data is drived
UVM_INFO ../env/my_driver.sv(42) @ 51500000: uvm_test_top [my_driver] data is drived
UVM_INFO ../env/my_driver.sv(42) @ 51700000: uvm_test_top [my_driver] data is drived
UVM_INFO ../env/my_driver.sv(42) @ 51900000: uvm_test_top [my_driver] data is drived
UVM_INFO ../env/my_driver.sv(42) @ 52100000: uvm_test_top [my_driver] data is drived
UVM_INFO ../env/my_driver.sv(42) @ 52300000: uvm_test_top [my_driver] data is drived
UVM_INFO /home/rlk/UVM_Practice/UVM_source_code/uvm-1.2/src/base/uvm_report_server.svh(847) @ 52500000: reporter [UVM/REPORT/SERVER] 
--- UVM Report Summary ---

** Report counts by severity
UVM_INFO :  258
UVM_WARNING :    0
UVM_ERROR :    0
UVM_FATAL :    0
** Report counts by id
[RNTST]     1
[UVM/RELNOTES]     1
[my_driver]   256

$finish called from file "/home/rlk/UVM_Practice/UVM_source_code/uvm-1.2/src/base/uvm_root.svh", line 517.
$finish at simulation time             52500000
           V C S   S i m u l a t i o n   R e p o r t 
Time: 52500000 ps
CPU Time:      0.370 seconds;       Data structure size:   0.3Mb
Wed May 11 01:42:44 2022
CPU time: 9.406 seconds to compile + .377 seconds to elab + .484 seconds to link + .408 seconds in simulation
